<?xml version="1.0" encoding="UTF-8"?>
<coverage generated="1496188669">
  <project timestamp="1496188669">
    <package name="Forum">
      <file name="/Users/michaelhopkins/Projects/Web/forum/app/Channel.php">
        <class name="Channel" namespace="Forum">
          <metrics complexity="2" methods="2" coveredmethods="0" conditionals="0" coveredconditionals="0" statements="2" coveredstatements="0" elements="4" coveredelements="0"/>
        </class>
        <line num="25" type="method" name="getRouteKeyName" visibility="public" complexity="1" crap="2" count="0"/>
        <line num="27" type="stmt" count="0"/>
        <line num="30" type="method" name="threads" visibility="public" complexity="1" crap="2" count="0"/>
        <line num="32" type="stmt" count="0"/>
        <metrics loc="34" ncloc="18" classes="1" methods="2" coveredmethods="0" conditionals="0" coveredconditionals="0" statements="2" coveredstatements="0" elements="4" coveredelements="0"/>
      </file>
      <file name="/Users/michaelhopkins/Projects/Web/forum/app/Favoritable.php">
        <class name="Favoritable" namespace="Forum">
          <metrics complexity="4" methods="4" coveredmethods="0" conditionals="0" coveredconditionals="0" statements="5" coveredstatements="0" elements="9" coveredelements="0"/>
        </class>
        <line num="7" type="method" name="favorites" visibility="public" complexity="1" crap="2" count="0"/>
        <line num="9" type="stmt" count="0"/>
        <line num="12" type="method" name="favorite" visibility="public" complexity="1" crap="2" count="0"/>
        <line num="14" type="stmt" count="0"/>
        <line num="15" type="stmt" count="0"/>
        <line num="17" type="method" name="isFavorited" visibility="public" complexity="1" crap="2" count="0"/>
        <line num="19" type="stmt" count="0"/>
        <line num="22" type="method" name="getFavoritesCountAttribute" visibility="public" complexity="1" crap="2" count="0"/>
        <line num="24" type="stmt" count="0"/>
        <metrics loc="26" ncloc="26" classes="1" methods="4" coveredmethods="0" conditionals="0" coveredconditionals="0" statements="5" coveredstatements="0" elements="9" coveredelements="0"/>
      </file>
      <file name="/Users/michaelhopkins/Projects/Web/forum/app/Favorite.php">
        <class name="Favorite" namespace="Forum">
          <metrics complexity="0" methods="0" coveredmethods="0" conditionals="0" coveredconditionals="0" statements="0" coveredstatements="0" elements="0" coveredelements="0"/>
        </class>
        <metrics loc="10" ncloc="10" classes="0" methods="0" coveredmethods="0" conditionals="0" coveredconditionals="0" statements="0" coveredstatements="0" elements="0" coveredelements="0"/>
      </file>
      <file name="/Users/michaelhopkins/Projects/Web/forum/app/Reply.php">
        <class name="Reply" namespace="Forum">
          <metrics complexity="1" methods="1" coveredmethods="0" conditionals="0" coveredconditionals="0" statements="1" coveredstatements="0" elements="2" coveredelements="0"/>
        </class>
        <line num="33" type="method" name="owner" visibility="public" complexity="1" crap="2" count="0"/>
        <line num="35" type="stmt" count="0"/>
        <metrics loc="37" ncloc="19" classes="1" methods="1" coveredmethods="0" conditionals="0" coveredconditionals="0" statements="1" coveredstatements="0" elements="2" coveredelements="0"/>
      </file>
      <file name="/Users/michaelhopkins/Projects/Web/forum/app/Thread.php">
        <class name="Thread" namespace="Forum">
          <metrics complexity="9" methods="9" coveredmethods="5" conditionals="0" coveredconditionals="0" statements="13" coveredstatements="8" elements="22" coveredelements="13"/>
        </class>
        <line num="36" type="method" name="boot" visibility="protected" complexity="1" crap="1" count="6"/>
        <line num="38" type="stmt" count="6"/>
        <line num="41" type="stmt" count="3"/>
        <line num="42" type="stmt" count="6"/>
        <line num="44" type="method" name="anonymous function" complexity="1" crap="1.12" count="6"/>
        <line num="45" type="stmt" count="0"/>
        <line num="46" type="stmt" count="6"/>
        <line num="47" type="stmt" count="6"/>
        <line num="52" type="method" name="path" visibility="public" complexity="1" crap="1" count="3"/>
        <line num="54" type="stmt" count="3"/>
        <line num="57" type="method" name="creator" visibility="public" complexity="1" crap="1" count="3"/>
        <line num="59" type="stmt" count="3"/>
        <line num="62" type="method" name="addReply" visibility="public" complexity="1" crap="2" count="0"/>
        <line num="64" type="stmt" count="0"/>
        <line num="65" type="stmt" count="0"/>
        <line num="67" type="method" name="replies" visibility="public" complexity="1" crap="1" count="3"/>
        <line num="69" type="stmt" count="3"/>
        <line num="72" type="method" name="channel" visibility="public" complexity="1" crap="1" count="3"/>
        <line num="74" type="stmt" count="3"/>
        <line num="77" type="method" name="scopeFilter" visibility="public" complexity="1" crap="2" count="0"/>
        <line num="79" type="stmt" count="0"/>
        <line num="82" type="method" name="getReplyCountAttribute" visibility="public" complexity="1" crap="2" count="0"/>
        <line num="84" type="stmt" count="0"/>
        <metrics loc="86" ncloc="60" classes="1" methods="9" coveredmethods="5" conditionals="0" coveredconditionals="0" statements="14" coveredstatements="9" elements="23" coveredelements="14"/>
      </file>
      <file name="/Users/michaelhopkins/Projects/Web/forum/app/User.php">
        <class name="User" namespace="Forum">
          <metrics complexity="2" methods="2" coveredmethods="1" conditionals="0" coveredconditionals="0" statements="2" coveredstatements="1" elements="4" coveredelements="2"/>
        </class>
        <line num="61" type="method" name="getRouteKeyName" visibility="public" complexity="1" crap="1" count="1"/>
        <line num="63" type="stmt" count="1"/>
        <line num="66" type="method" name="threads" visibility="public" complexity="1" crap="2" count="0"/>
        <line num="68" type="stmt" count="0"/>
        <metrics loc="70" ncloc="32" classes="1" methods="2" coveredmethods="1" conditionals="0" coveredconditionals="0" statements="2" coveredstatements="1" elements="4" coveredelements="2"/>
      </file>
    </package>
    <package name="Forum\Console">
      <file name="/Users/michaelhopkins/Projects/Web/forum/app/Console/Kernel.php">
        <class name="Kernel" namespace="Forum\Console">
          <metrics complexity="2" methods="2" coveredmethods="2" conditionals="0" coveredconditionals="0" statements="3" coveredstatements="3" elements="5" coveredelements="5"/>
        </class>
        <line num="26" type="method" name="schedule" visibility="protected" complexity="1" crap="1" count="7"/>
        <line num="30" type="stmt" count="7"/>
        <line num="37" type="method" name="commands" visibility="protected" complexity="1" crap="1" count="7"/>
        <line num="39" type="stmt" count="7"/>
        <line num="40" type="stmt" count="7"/>
        <metrics loc="41" ncloc="20" classes="1" methods="2" coveredmethods="2" conditionals="0" coveredconditionals="0" statements="3" coveredstatements="3" elements="5" coveredelements="5"/>
      </file>
    </package>
    <package name="Forum\Exceptions">
      <file name="/Users/michaelhopkins/Projects/Web/forum/app/Exceptions/Handler.php">
        <class name="Handler" namespace="Forum\Exceptions">
          <metrics complexity="4" methods="3" coveredmethods="2" conditionals="0" coveredconditionals="0" statements="6" coveredstatements="5" elements="9" coveredelements="7"/>
        </class>
        <line num="34" type="method" name="report" visibility="public" complexity="1" crap="1" count="5"/>
        <line num="36" type="stmt" count="5"/>
        <line num="37" type="stmt" count="5"/>
        <line num="47" type="method" name="render" visibility="public" complexity="1" crap="1" count="5"/>
        <line num="49" type="stmt" count="5"/>
        <line num="60" type="method" name="unauthenticated" visibility="protected" complexity="2" crap="2.15" count="2"/>
        <line num="62" type="stmt" count="2"/>
        <line num="63" type="stmt" count="0"/>
        <line num="66" type="stmt" count="2"/>
        <metrics loc="68" ncloc="38" classes="1" methods="3" coveredmethods="2" conditionals="0" coveredconditionals="0" statements="6" coveredstatements="5" elements="9" coveredelements="7"/>
      </file>
    </package>
    <package name="Forum\Filters">
      <file name="/Users/michaelhopkins/Projects/Web/forum/app/Filters/Filters.php">
        <class name="Filters" namespace="Forum\Filters">
          <metrics complexity="4" methods="4" coveredmethods="0" conditionals="0" coveredconditionals="0" statements="8" coveredstatements="0" elements="12" coveredelements="0"/>
        </class>
        <line num="30" type="method" name="__construct" visibility="public" complexity="1" crap="2" count="0"/>
        <line num="32" type="stmt" count="0"/>
        <line num="33" type="stmt" count="0"/>
        <line num="35" type="method" name="apply" visibility="public" complexity="1" crap="2" count="0"/>
        <line num="37" type="stmt" count="0"/>
        <line num="39" type="stmt" count="0"/>
        <line num="41" type="stmt" count="0"/>
        <line num="42" type="method" name="anonymous function" complexity="1" crap="2" count="0"/>
        <line num="43" type="stmt" count="0"/>
        <line num="44" type="stmt" count="0"/>
        <line num="46" type="stmt" count="0"/>
        <line num="49" type="method" name="getFilters" visibility="public" complexity="1" crap="2" count="0"/>
        <line num="51" type="stmt" count="0"/>
        <metrics loc="53" ncloc="36" classes="1" methods="4" coveredmethods="0" conditionals="0" coveredconditionals="0" statements="9" coveredstatements="0" elements="13" coveredelements="0"/>
      </file>
      <file name="/Users/michaelhopkins/Projects/Web/forum/app/Filters/ThreadFilters.php">
        <class name="ThreadFilters" namespace="Forum\Filters">
          <metrics complexity="2" methods="2" coveredmethods="0" conditionals="0" coveredconditionals="0" statements="4" coveredstatements="0" elements="6" coveredelements="0"/>
        </class>
        <line num="23" type="method" name="by" visibility="public" complexity="1" crap="2" count="0"/>
        <line num="25" type="stmt" count="0"/>
        <line num="27" type="stmt" count="0"/>
        <line num="33" type="method" name="popularity" visibility="public" complexity="1" crap="2" count="0"/>
        <line num="35" type="stmt" count="0"/>
        <line num="37" type="stmt" count="0"/>
        <metrics loc="39" ncloc="23" classes="1" methods="2" coveredmethods="0" conditionals="0" coveredconditionals="0" statements="4" coveredstatements="0" elements="6" coveredelements="0"/>
      </file>
    </package>
    <package name="Forum\Http\Controllers\Auth">
      <file name="/Users/michaelhopkins/Projects/Web/forum/app/Http/Controllers/Auth/ForgotPasswordController.php">
        <class name="ForgotPasswordController" namespace="Forum\Http\Controllers\Auth">
          <metrics complexity="1" methods="1" coveredmethods="0" conditionals="0" coveredconditionals="0" statements="2" coveredstatements="0" elements="3" coveredelements="0"/>
        </class>
        <line num="28" type="method" name="__construct" visibility="public" complexity="1" crap="2" count="0"/>
        <line num="30" type="stmt" count="0"/>
        <line num="31" type="stmt" count="0"/>
        <metrics loc="32" ncloc="17" classes="1" methods="1" coveredmethods="0" conditionals="0" coveredconditionals="0" statements="2" coveredstatements="0" elements="3" coveredelements="0"/>
      </file>
      <file name="/Users/michaelhopkins/Projects/Web/forum/app/Http/Controllers/Auth/LoginController.php">
        <class name="LoginController" namespace="Forum\Http\Controllers\Auth">
          <metrics complexity="1" methods="1" coveredmethods="0" conditionals="0" coveredconditionals="0" statements="2" coveredstatements="0" elements="3" coveredelements="0"/>
        </class>
        <line num="35" type="method" name="__construct" visibility="public" complexity="1" crap="2" count="0"/>
        <line num="37" type="stmt" count="0"/>
        <line num="38" type="stmt" count="0"/>
        <metrics loc="39" ncloc="19" classes="1" methods="1" coveredmethods="0" conditionals="0" coveredconditionals="0" statements="2" coveredstatements="0" elements="3" coveredelements="0"/>
      </file>
      <file name="/Users/michaelhopkins/Projects/Web/forum/app/Http/Controllers/Auth/RegisterController.php">
        <class name="RegisterController" namespace="Forum\Http\Controllers\Auth">
          <metrics complexity="3" methods="3" coveredmethods="0" conditionals="0" coveredconditionals="0" statements="8" coveredstatements="0" elements="11" coveredelements="0"/>
        </class>
        <line num="37" type="method" name="__construct" visibility="public" complexity="1" crap="2" count="0"/>
        <line num="39" type="stmt" count="0"/>
        <line num="40" type="stmt" count="0"/>
        <line num="49" type="method" name="validator" visibility="protected" complexity="1" crap="2" count="0"/>
        <line num="51" type="stmt" count="0"/>
        <line num="52" type="stmt" count="0"/>
        <line num="65" type="method" name="create" visibility="protected" complexity="1" crap="2" count="0"/>
        <line num="67" type="stmt" count="0"/>
        <line num="68" type="stmt" count="0"/>
        <line num="69" type="stmt" count="0"/>
        <line num="70" type="stmt" count="0"/>
        <metrics loc="73" ncloc="39" classes="1" methods="3" coveredmethods="0" conditionals="0" coveredconditionals="0" statements="8" coveredstatements="0" elements="11" coveredelements="0"/>
      </file>
      <file name="/Users/michaelhopkins/Projects/Web/forum/app/Http/Controllers/Auth/ResetPasswordController.php">
        <class name="ResetPasswordController" namespace="Forum\Http\Controllers\Auth">
          <metrics complexity="1" methods="1" coveredmethods="0" conditionals="0" coveredconditionals="0" statements="2" coveredstatements="0" elements="3" coveredelements="0"/>
        </class>
        <line num="35" type="method" name="__construct" visibility="public" complexity="1" crap="2" count="0"/>
        <line num="37" type="stmt" count="0"/>
        <line num="38" type="stmt" count="0"/>
        <metrics loc="39" ncloc="19" classes="1" methods="1" coveredmethods="0" conditionals="0" coveredconditionals="0" statements="2" coveredstatements="0" elements="3" coveredelements="0"/>
      </file>
    </package>
    <package name="Forum\Http\Controllers">
      <file name="/Users/michaelhopkins/Projects/Web/forum/app/Http/Controllers/Controller.php">
        <class name="Controller" namespace="Forum\Http\Controllers">
          <metrics complexity="0" methods="0" coveredmethods="0" conditionals="0" coveredconditionals="0" statements="0" coveredstatements="0" elements="0" coveredelements="0"/>
        </class>
        <metrics loc="13" ncloc="13" classes="0" methods="0" coveredmethods="0" conditionals="0" coveredconditionals="0" statements="0" coveredstatements="0" elements="0" coveredelements="0"/>
      </file>
      <file name="/Users/michaelhopkins/Projects/Web/forum/app/Http/Controllers/FavoritesController.php">
        <class name="FavoritesController" namespace="Forum\Http\Controllers">
          <metrics complexity="2" methods="2" coveredmethods="0" conditionals="0" coveredconditionals="0" statements="4" coveredstatements="0" elements="6" coveredelements="0"/>
        </class>
        <line num="9" type="method" name="__construct" visibility="public" complexity="1" crap="2" count="0"/>
        <line num="11" type="stmt" count="0"/>
        <line num="12" type="stmt" count="0"/>
        <line num="14" type="method" name="store" visibility="public" complexity="1" crap="2" count="0"/>
        <line num="16" type="stmt" count="0"/>
        <line num="18" type="stmt" count="0"/>
        <metrics loc="20" ncloc="20" classes="1" methods="2" coveredmethods="0" conditionals="0" coveredconditionals="0" statements="4" coveredstatements="0" elements="6" coveredelements="0"/>
      </file>
      <file name="/Users/michaelhopkins/Projects/Web/forum/app/Http/Controllers/HomeController.php">
        <class name="HomeController" namespace="Forum\Http\Controllers">
          <metrics complexity="2" methods="2" coveredmethods="0" conditionals="0" coveredconditionals="0" statements="3" coveredstatements="0" elements="5" coveredelements="0"/>
        </class>
        <line num="12" type="method" name="__construct" visibility="public" complexity="1" crap="2" count="0"/>
        <line num="14" type="stmt" count="0"/>
        <line num="15" type="stmt" count="0"/>
        <line num="22" type="method" name="index" visibility="public" complexity="1" crap="2" count="0"/>
        <line num="24" type="stmt" count="0"/>
        <metrics loc="26" ncloc="16" classes="1" methods="2" coveredmethods="0" conditionals="0" coveredconditionals="0" statements="3" coveredstatements="0" elements="5" coveredelements="0"/>
      </file>
      <file name="/Users/michaelhopkins/Projects/Web/forum/app/Http/Controllers/ProfilesController.php">
        <class name="ProfilesController" namespace="Forum\Http\Controllers">
          <metrics complexity="1" methods="1" coveredmethods="0" conditionals="0" coveredconditionals="0" statements="3" coveredstatements="0" elements="4" coveredelements="0"/>
        </class>
        <line num="9" type="method" name="show" visibility="public" complexity="1" crap="2" count="0"/>
        <line num="11" type="stmt" count="0"/>
        <line num="12" type="stmt" count="0"/>
        <line num="13" type="stmt" count="0"/>
        <metrics loc="16" ncloc="16" classes="1" methods="1" coveredmethods="0" conditionals="0" coveredconditionals="0" statements="3" coveredstatements="0" elements="4" coveredelements="0"/>
      </file>
      <file name="/Users/michaelhopkins/Projects/Web/forum/app/Http/Controllers/RepliesController.php">
        <class name="RepliesController" namespace="Forum\Http\Controllers">
          <metrics complexity="2" methods="2" coveredmethods="0" conditionals="0" coveredconditionals="0" statements="8" coveredstatements="0" elements="10" coveredelements="0"/>
        </class>
        <line num="9" type="method" name="__construct" visibility="public" complexity="1" crap="2" count="0"/>
        <line num="11" type="stmt" count="0"/>
        <line num="12" type="stmt" count="0"/>
        <line num="14" type="method" name="store" visibility="public" complexity="1" crap="2" count="0"/>
        <line num="16" type="stmt" count="0"/>
        <line num="17" type="stmt" count="0"/>
        <line num="19" type="stmt" count="0"/>
        <line num="20" type="stmt" count="0"/>
        <line num="21" type="stmt" count="0"/>
        <line num="24" type="stmt" count="0"/>
        <metrics loc="26" ncloc="26" classes="1" methods="2" coveredmethods="0" conditionals="0" coveredconditionals="0" statements="8" coveredstatements="0" elements="10" coveredelements="0"/>
      </file>
      <file name="/Users/michaelhopkins/Projects/Web/forum/app/Http/Controllers/ThreadsController.php">
        <class name="ThreadsController" namespace="Forum\Http\Controllers">
          <metrics complexity="12" methods="7" coveredmethods="3" conditionals="0" coveredconditionals="0" statements="30" coveredstatements="17" elements="37" coveredelements="20"/>
        </class>
        <line num="13" type="method" name="__construct" visibility="public" complexity="1" crap="1" count="7"/>
        <line num="15" type="stmt" count="7"/>
        <line num="16" type="stmt" count="7"/>
        <line num="18" type="method" name="index" visibility="public" complexity="2" crap="6" count="0"/>
        <line num="20" type="stmt" count="0"/>
        <line num="21" type="stmt" count="0"/>
        <line num="22" type="stmt" count="0"/>
        <line num="25" type="stmt" count="0"/>
        <line num="28" type="method" name="create" visibility="public" complexity="1" crap="2" count="0"/>
        <line num="30" type="stmt" count="0"/>
        <line num="33" type="method" name="store" visibility="public" complexity="1" crap="1" count="4"/>
        <line num="35" type="stmt" count="4"/>
        <line num="36" type="stmt" count="4"/>
        <line num="40" type="stmt" count="1"/>
        <line num="41" type="stmt" count="1"/>
        <line num="42" type="stmt" count="1"/>
        <line num="43" type="stmt" count="1"/>
        <line num="44" type="stmt" count="1"/>
        <line num="47" type="stmt" count="1"/>
        <line num="50" type="method" name="show" visibility="public" complexity="1" crap="1" count="1"/>
        <line num="52" type="stmt" count="1"/>
        <line num="53" type="stmt" count="1"/>
        <line num="54" type="stmt" count="1"/>
        <line num="58" type="method" name="destroy" visibility="public" complexity="4" crap="6.00" count="2"/>
        <line num="60" type="stmt" count="2"/>
        <line num="61" type="stmt" count="2"/>
        <line num="62" type="stmt" count="1"/>
        <line num="64" type="stmt" count="1"/>
        <line num="66" type="stmt" count="0"/>
        <line num="67" type="stmt" count="0"/>
        <line num="68" type="stmt" count="0"/>
        <line num="70" type="stmt" count="0"/>
        <line num="73" type="method" name="getThreads" visibility="public" complexity="2" crap="6" count="0"/>
        <line num="75" type="stmt" count="0"/>
        <line num="76" type="stmt" count="0"/>
        <line num="77" type="stmt" count="0"/>
        <line num="80" type="stmt" count="0"/>
        <metrics loc="82" ncloc="82" classes="1" methods="7" coveredmethods="3" conditionals="0" coveredconditionals="0" statements="30" coveredstatements="17" elements="37" coveredelements="20"/>
      </file>
    </package>
    <package name="Forum\Http">
      <file name="/Users/michaelhopkins/Projects/Web/forum/app/Http/Kernel.php">
        <class name="Kernel" namespace="Forum\Http">
          <metrics complexity="0" methods="0" coveredmethods="0" conditionals="0" coveredconditionals="0" statements="0" coveredstatements="0" elements="0" coveredelements="0"/>
        </class>
        <metrics loc="60" ncloc="39" classes="0" methods="0" coveredmethods="0" conditionals="0" coveredconditionals="0" statements="0" coveredstatements="0" elements="0" coveredelements="0"/>
      </file>
    </package>
    <package name="Forum\Http\Middleware">
      <file name="/Users/michaelhopkins/Projects/Web/forum/app/Http/Middleware/EncryptCookies.php">
        <class name="EncryptCookies" namespace="Forum\Http\Middleware">
          <metrics complexity="0" methods="0" coveredmethods="0" conditionals="0" coveredconditionals="0" statements="0" coveredstatements="0" elements="0" coveredelements="0"/>
        </class>
        <metrics loc="16" ncloc="9" classes="0" methods="0" coveredmethods="0" conditionals="0" coveredconditionals="0" statements="0" coveredstatements="0" elements="0" coveredelements="0"/>
      </file>
      <file name="/Users/michaelhopkins/Projects/Web/forum/app/Http/Middleware/RedirectIfAuthenticated.php">
        <class name="RedirectIfAuthenticated" namespace="Forum\Http\Middleware">
          <metrics complexity="2" methods="1" coveredmethods="0" conditionals="0" coveredconditionals="0" statements="3" coveredstatements="0" elements="4" coveredelements="0"/>
        </class>
        <line num="19" type="method" name="handle" visibility="public" complexity="2" crap="6" count="0"/>
        <line num="21" type="stmt" count="0"/>
        <line num="22" type="stmt" count="0"/>
        <line num="25" type="stmt" count="0"/>
        <metrics loc="27" ncloc="18" classes="1" methods="1" coveredmethods="0" conditionals="0" coveredconditionals="0" statements="3" coveredstatements="0" elements="4" coveredelements="0"/>
      </file>
      <file name="/Users/michaelhopkins/Projects/Web/forum/app/Http/Middleware/TrimStrings.php">
        <class name="TrimStrings" namespace="Forum\Http\Middleware">
          <metrics complexity="0" methods="0" coveredmethods="0" conditionals="0" coveredconditionals="0" statements="0" coveredstatements="0" elements="0" coveredelements="0"/>
        </class>
        <metrics loc="18" ncloc="13" classes="0" methods="0" coveredmethods="0" conditionals="0" coveredconditionals="0" statements="0" coveredstatements="0" elements="0" coveredelements="0"/>
      </file>
      <file name="/Users/michaelhopkins/Projects/Web/forum/app/Http/Middleware/VerifyCsrfToken.php">
        <class name="VerifyCsrfToken" namespace="Forum\Http\Middleware">
          <metrics complexity="0" methods="0" coveredmethods="0" conditionals="0" coveredconditionals="0" statements="0" coveredstatements="0" elements="0" coveredelements="0"/>
        </class>
        <metrics loc="16" ncloc="9" classes="0" methods="0" coveredmethods="0" conditionals="0" coveredconditionals="0" statements="0" coveredstatements="0" elements="0" coveredelements="0"/>
      </file>
    </package>
    <package name="Forum\Providers">
      <file name="/Users/michaelhopkins/Projects/Web/forum/app/Providers/AppServiceProvider.php">
        <class name="AppServiceProvider" namespace="Forum\Providers">
          <metrics complexity="3" methods="2" coveredmethods="2" conditionals="0" coveredconditionals="0" statements="3" coveredstatements="3" elements="5" coveredelements="5"/>
        </class>
        <line num="20" type="method" name="anonymous function" complexity="1" crap="1" count="1"/>
        <line num="21" type="stmt" count="1"/>
        <line num="22" type="stmt" count="1"/>
        <line num="23" type="stmt" count="1"/>
        <line num="24" type="stmt" count="7"/>
        <line num="25" type="stmt" count="7"/>
        <line num="32" type="method" name="register" visibility="public" complexity="1" crap="1" count="7"/>
        <line num="34" type="stmt" count="7"/>
        <metrics loc="35" ncloc="25" classes="1" methods="2" coveredmethods="2" conditionals="0" coveredconditionals="0" statements="6" coveredstatements="6" elements="8" coveredelements="8"/>
      </file>
      <file name="/Users/michaelhopkins/Projects/Web/forum/app/Providers/AuthServiceProvider.php">
        <class name="AuthServiceProvider" namespace="Forum\Providers">
          <metrics complexity="1" methods="1" coveredmethods="1" conditionals="0" coveredconditionals="0" statements="2" coveredstatements="2" elements="3" coveredelements="3"/>
        </class>
        <line num="23" type="method" name="boot" visibility="public" complexity="1" crap="1" count="7"/>
        <line num="25" type="stmt" count="7"/>
        <line num="28" type="stmt" count="7"/>
        <metrics loc="29" ncloc="17" classes="1" methods="1" coveredmethods="1" conditionals="0" coveredconditionals="0" statements="2" coveredstatements="2" elements="3" coveredelements="3"/>
      </file>
      <file name="/Users/michaelhopkins/Projects/Web/forum/app/Providers/BroadcastServiceProvider.php">
        <class name="BroadcastServiceProvider" namespace="Forum\Providers">
          <metrics complexity="1" methods="1" coveredmethods="0" conditionals="0" coveredconditionals="0" statements="3" coveredstatements="0" elements="4" coveredelements="0"/>
        </class>
        <line num="15" type="method" name="boot" visibility="public" complexity="1" crap="2" count="0"/>
        <line num="17" type="stmt" count="0"/>
        <line num="19" type="stmt" count="0"/>
        <line num="20" type="stmt" count="0"/>
        <metrics loc="21" ncloc="16" classes="1" methods="1" coveredmethods="0" conditionals="0" coveredconditionals="0" statements="3" coveredstatements="0" elements="4" coveredelements="0"/>
      </file>
      <file name="/Users/michaelhopkins/Projects/Web/forum/app/Providers/EventServiceProvider.php">
        <class name="EventServiceProvider" namespace="Forum\Providers">
          <metrics complexity="1" methods="1" coveredmethods="1" conditionals="0" coveredconditionals="0" statements="2" coveredstatements="2" elements="3" coveredelements="3"/>
        </class>
        <line num="25" type="method" name="boot" visibility="public" complexity="1" crap="1" count="7"/>
        <line num="27" type="stmt" count="7"/>
        <line num="30" type="stmt" count="7"/>
        <metrics loc="31" ncloc="19" classes="1" methods="1" coveredmethods="1" conditionals="0" coveredconditionals="0" statements="2" coveredstatements="2" elements="3" coveredelements="3"/>
      </file>
      <file name="/Users/michaelhopkins/Projects/Web/forum/app/Providers/RouteServiceProvider.php">
        <class name="RouteServiceProvider" namespace="Forum\Providers">
          <metrics complexity="4" methods="4" coveredmethods="4" conditionals="0" coveredconditionals="0" statements="9" coveredstatements="9" elements="13" coveredelements="13"/>
        </class>
        <line num="24" type="method" name="boot" visibility="public" complexity="1" crap="1" count="7"/>
        <line num="28" type="stmt" count="7"/>
        <line num="29" type="stmt" count="7"/>
        <line num="36" type="method" name="map" visibility="public" complexity="1" crap="1" count="7"/>
        <line num="38" type="stmt" count="7"/>
        <line num="40" type="stmt" count="7"/>
        <line num="43" type="stmt" count="7"/>
        <line num="52" type="method" name="mapApiRoutes" visibility="protected" complexity="1" crap="1" count="7"/>
        <line num="54" type="stmt" count="7"/>
        <line num="55" type="stmt" count="7"/>
        <line num="64" type="method" name="mapWebRoutes" visibility="protected" complexity="1" crap="1" count="7"/>
        <line num="66" type="stmt" count="7"/>
        <line num="67" type="stmt" count="7"/>
        <metrics loc="68" ncloc="33" classes="1" methods="4" coveredmethods="4" conditionals="0" coveredconditionals="0" statements="9" coveredstatements="9" elements="13" coveredelements="13"/>
      </file>
    </package>
    <metrics files="30" loc="1151" ncloc="747" classes="24" methods="59" coveredmethods="21" conditionals="0" coveredconditionals="0" statements="133" coveredstatements="54" elements="192" coveredelements="75"/>
  </project>
</coverage>
