<?xml version="1.0" encoding="UTF-8"?>
<coverage generated="1496389571">
  <project timestamp="1496389571">
    <package name="Forum">
      <file name="/Users/michaelhopkins/Projects/Web/forum/app/Activity.php">
        <class name="Activity" namespace="Forum">
          <metrics complexity="3" methods="3" coveredmethods="3" conditionals="0" coveredconditionals="0" statements="8" coveredstatements="8" elements="11" coveredelements="11"/>
        </class>
        <line num="31" type="method" name="feed" visibility="public" complexity="1" crap="1" count="3"/>
        <line num="32" type="stmt" count="3"/>
        <line num="33" type="stmt" count="3"/>
        <line num="34" type="stmt" count="3"/>
        <line num="35" type="stmt" count="3"/>
        <line num="36" type="stmt" count="3"/>
        <line num="37" type="method" name="anonymous function" complexity="1" crap="1" count="3"/>
        <line num="38" type="stmt" count="2"/>
        <line num="39" type="stmt" count="3"/>
        <line num="42" type="method" name="subject" visibility="public" complexity="1" crap="1" count="4"/>
        <line num="44" type="stmt" count="4"/>
        <metrics loc="46" ncloc="26" classes="1" methods="3" coveredmethods="3" conditionals="0" coveredconditionals="0" statements="8" coveredstatements="8" elements="11" coveredelements="11"/>
      </file>
      <file name="/Users/michaelhopkins/Projects/Web/forum/app/Channel.php">
        <class name="Channel" namespace="Forum">
          <metrics complexity="2" methods="2" coveredmethods="2" conditionals="0" coveredconditionals="0" statements="2" coveredstatements="2" elements="4" coveredelements="4"/>
        </class>
        <line num="25" type="method" name="getRouteKeyName" visibility="public" complexity="1" crap="1" count="1"/>
        <line num="27" type="stmt" count="1"/>
        <line num="30" type="method" name="threads" visibility="public" complexity="1" crap="1" count="1"/>
        <line num="32" type="stmt" count="1"/>
        <metrics loc="34" ncloc="18" classes="1" methods="2" coveredmethods="2" conditionals="0" coveredconditionals="0" statements="2" coveredstatements="2" elements="4" coveredelements="4"/>
      </file>
      <file name="/Users/michaelhopkins/Projects/Web/forum/app/Favoritable.php">
        <class name="Favoritable" namespace="Forum">
          <metrics complexity="4" methods="4" coveredmethods="4" conditionals="0" coveredconditionals="0" statements="5" coveredstatements="5" elements="9" coveredelements="9"/>
        </class>
        <line num="7" type="method" name="favorites" visibility="public" complexity="1" crap="1" count="9"/>
        <line num="9" type="stmt" count="9"/>
        <line num="12" type="method" name="favorite" visibility="public" complexity="1" crap="1" count="2"/>
        <line num="14" type="stmt" count="2"/>
        <line num="15" type="stmt" count="2"/>
        <line num="17" type="method" name="isFavorited" visibility="public" complexity="1" crap="1" count="1"/>
        <line num="19" type="stmt" count="1"/>
        <line num="22" type="method" name="getFavoritesCountAttribute" visibility="public" complexity="1" crap="1" count="1"/>
        <line num="24" type="stmt" count="1"/>
        <metrics loc="26" ncloc="26" classes="1" methods="4" coveredmethods="4" conditionals="0" coveredconditionals="0" statements="5" coveredstatements="5" elements="9" coveredelements="9"/>
      </file>
      <file name="/Users/michaelhopkins/Projects/Web/forum/app/Favorite.php">
        <class name="Favorite" namespace="Forum">
          <metrics complexity="1" methods="1" coveredmethods="0" conditionals="0" coveredconditionals="0" statements="1" coveredstatements="0" elements="2" coveredelements="0"/>
        </class>
        <line num="31" type="method" name="favorited" visibility="public" complexity="1" crap="2" count="0"/>
        <line num="33" type="stmt" count="0"/>
        <metrics loc="35" ncloc="18" classes="1" methods="1" coveredmethods="0" conditionals="0" coveredconditionals="0" statements="1" coveredstatements="0" elements="2" coveredelements="0"/>
      </file>
      <file name="/Users/michaelhopkins/Projects/Web/forum/app/Reply.php">
        <class name="Reply" namespace="Forum">
          <metrics complexity="5" methods="5" coveredmethods="4" conditionals="0" coveredconditionals="0" statements="8" coveredstatements="7" elements="13" coveredelements="11"/>
        </class>
        <line num="38" type="method" name="boot" visibility="protected" complexity="1" crap="1" count="19"/>
        <line num="40" type="stmt" count="19"/>
        <line num="42" type="stmt" count="15"/>
        <line num="43" type="stmt" count="19"/>
        <line num="44" type="method" name="anonymous function" complexity="1" crap="1" count="19"/>
        <line num="45" type="stmt" count="3"/>
        <line num="46" type="stmt" count="19"/>
        <line num="47" type="stmt" count="19"/>
        <line num="50" type="method" name="owner" visibility="public" complexity="1" crap="1" count="10"/>
        <line num="52" type="stmt" count="10"/>
        <line num="55" type="method" name="thread" visibility="public" complexity="1" crap="1" count="15"/>
        <line num="57" type="stmt" count="15"/>
        <line num="60" type="method" name="path" visibility="public" complexity="1" crap="2" count="0"/>
        <line num="62" type="stmt" count="0"/>
        <metrics loc="64" ncloc="42" classes="1" methods="5" coveredmethods="4" conditionals="0" coveredconditionals="0" statements="9" coveredstatements="8" elements="14" coveredelements="12"/>
      </file>
      <file name="/Users/michaelhopkins/Projects/Web/forum/app/Thread.php">
        <class name="Thread" namespace="Forum">
          <metrics complexity="9" methods="9" coveredmethods="8" conditionals="0" coveredconditionals="0" statements="11" coveredstatements="10" elements="20" coveredelements="18"/>
        </class>
        <line num="38" type="method" name="boot" visibility="protected" complexity="1" crap="1" count="33"/>
        <line num="40" type="stmt" count="33"/>
        <line num="41" type="method" name="anonymous function" complexity="1" crap="1" count="33"/>
        <line num="42" type="stmt" count="1"/>
        <line num="43" type="stmt" count="33"/>
        <line num="44" type="stmt" count="33"/>
        <line num="49" type="method" name="path" visibility="public" complexity="1" crap="1" count="12"/>
        <line num="51" type="stmt" count="12"/>
        <line num="54" type="method" name="creator" visibility="public" complexity="1" crap="1" count="27"/>
        <line num="56" type="stmt" count="27"/>
        <line num="59" type="method" name="addReply" visibility="public" complexity="1" crap="1" count="2"/>
        <line num="61" type="stmt" count="2"/>
        <line num="62" type="stmt" count="2"/>
        <line num="64" type="method" name="replies" visibility="public" complexity="1" crap="1" count="7"/>
        <line num="66" type="stmt" count="7"/>
        <line num="69" type="method" name="channel" visibility="public" complexity="1" crap="1" count="28"/>
        <line num="71" type="stmt" count="28"/>
        <line num="74" type="method" name="scopeFilter" visibility="public" complexity="1" crap="1" count="5"/>
        <line num="76" type="stmt" count="5"/>
        <line num="79" type="method" name="getReplyCountAttribute" visibility="public" complexity="1" crap="2" count="0"/>
        <line num="81" type="stmt" count="0"/>
        <metrics loc="84" ncloc="56" classes="1" methods="9" coveredmethods="8" conditionals="0" coveredconditionals="0" statements="12" coveredstatements="11" elements="21" coveredelements="19"/>
      </file>
      <file name="/Users/michaelhopkins/Projects/Web/forum/app/User.php">
        <class name="User" namespace="Forum">
          <metrics complexity="3" methods="3" coveredmethods="2" conditionals="0" coveredconditionals="0" statements="3" coveredstatements="2" elements="6" coveredelements="4"/>
        </class>
        <line num="63" type="method" name="getRouteKeyName" visibility="public" complexity="1" crap="1" count="6"/>
        <line num="65" type="stmt" count="6"/>
        <line num="68" type="method" name="threads" visibility="public" complexity="1" crap="2" count="0"/>
        <line num="70" type="stmt" count="0"/>
        <line num="73" type="method" name="activity" visibility="public" complexity="1" crap="1" count="1"/>
        <line num="74" type="stmt" count="1"/>
        <metrics loc="76" ncloc="36" classes="1" methods="3" coveredmethods="2" conditionals="0" coveredconditionals="0" statements="3" coveredstatements="2" elements="6" coveredelements="4"/>
      </file>
    </package>
    <package name="Forum\Console">
      <file name="/Users/michaelhopkins/Projects/Web/forum/app/Console/Kernel.php">
        <class name="Kernel" namespace="Forum\Console">
          <metrics complexity="2" methods="2" coveredmethods="2" conditionals="0" coveredconditionals="0" statements="3" coveredstatements="3" elements="5" coveredelements="5"/>
        </class>
        <line num="26" type="method" name="schedule" visibility="protected" complexity="1" crap="1" count="37"/>
        <line num="30" type="stmt" count="37"/>
        <line num="37" type="method" name="commands" visibility="protected" complexity="1" crap="1" count="37"/>
        <line num="39" type="stmt" count="37"/>
        <line num="40" type="stmt" count="37"/>
        <metrics loc="41" ncloc="20" classes="1" methods="2" coveredmethods="2" conditionals="0" coveredconditionals="0" statements="3" coveredstatements="3" elements="5" coveredelements="5"/>
      </file>
    </package>
    <package name="Forum\Exceptions">
      <file name="/Users/michaelhopkins/Projects/Web/forum/app/Exceptions/Handler.php">
        <class name="Handler" namespace="Forum\Exceptions">
          <metrics complexity="4" methods="3" coveredmethods="2" conditionals="0" coveredconditionals="0" statements="6" coveredstatements="5" elements="9" coveredelements="7"/>
        </class>
        <line num="34" type="method" name="report" visibility="public" complexity="1" crap="1" count="10"/>
        <line num="36" type="stmt" count="10"/>
        <line num="37" type="stmt" count="10"/>
        <line num="47" type="method" name="render" visibility="public" complexity="1" crap="1" count="10"/>
        <line num="49" type="stmt" count="10"/>
        <line num="60" type="method" name="unauthenticated" visibility="protected" complexity="2" crap="2.15" count="6"/>
        <line num="62" type="stmt" count="6"/>
        <line num="63" type="stmt" count="0"/>
        <line num="66" type="stmt" count="6"/>
        <metrics loc="68" ncloc="38" classes="1" methods="3" coveredmethods="2" conditionals="0" coveredconditionals="0" statements="6" coveredstatements="5" elements="9" coveredelements="7"/>
      </file>
    </package>
    <package name="Forum\Filters">
      <file name="/Users/michaelhopkins/Projects/Web/forum/app/Filters/Filters.php">
        <class name="Filters" namespace="Forum\Filters">
          <metrics complexity="4" methods="4" coveredmethods="4" conditionals="0" coveredconditionals="0" statements="8" coveredstatements="8" elements="12" coveredelements="12"/>
        </class>
        <line num="30" type="method" name="__construct" visibility="public" complexity="1" crap="1" count="5"/>
        <line num="32" type="stmt" count="5"/>
        <line num="33" type="stmt" count="5"/>
        <line num="35" type="method" name="apply" visibility="public" complexity="1" crap="1" count="5"/>
        <line num="37" type="stmt" count="5"/>
        <line num="39" type="stmt" count="5"/>
        <line num="41" type="stmt" count="3"/>
        <line num="42" type="method" name="anonymous function" complexity="1" crap="1" count="5"/>
        <line num="43" type="stmt" count="3"/>
        <line num="44" type="stmt" count="5"/>
        <line num="46" type="stmt" count="5"/>
        <line num="49" type="method" name="getFilters" visibility="public" complexity="1" crap="1" count="5"/>
        <line num="51" type="stmt" count="5"/>
        <metrics loc="53" ncloc="36" classes="1" methods="4" coveredmethods="4" conditionals="0" coveredconditionals="0" statements="9" coveredstatements="9" elements="13" coveredelements="13"/>
      </file>
      <file name="/Users/michaelhopkins/Projects/Web/forum/app/Filters/ThreadFilters.php">
        <class name="ThreadFilters" namespace="Forum\Filters">
          <metrics complexity="3" methods="3" coveredmethods="3" conditionals="0" coveredconditionals="0" statements="5" coveredstatements="5" elements="8" coveredelements="8"/>
        </class>
        <line num="23" type="method" name="by" visibility="public" complexity="1" crap="1" count="1"/>
        <line num="25" type="stmt" count="1"/>
        <line num="27" type="stmt" count="1"/>
        <line num="33" type="method" name="popularity" visibility="public" complexity="1" crap="1" count="1"/>
        <line num="35" type="stmt" count="1"/>
        <line num="37" type="stmt" count="1"/>
        <line num="40" type="method" name="unanswered" visibility="public" complexity="1" crap="1" count="1"/>
        <line num="42" type="stmt" count="1"/>
        <metrics loc="44" ncloc="28" classes="1" methods="3" coveredmethods="3" conditionals="0" coveredconditionals="0" statements="5" coveredstatements="5" elements="8" coveredelements="8"/>
      </file>
    </package>
    <package name="Forum\Http\Controllers\Auth">
      <file name="/Users/michaelhopkins/Projects/Web/forum/app/Http/Controllers/Auth/ForgotPasswordController.php">
        <class name="ForgotPasswordController" namespace="Forum\Http\Controllers\Auth">
          <metrics complexity="1" methods="1" coveredmethods="0" conditionals="0" coveredconditionals="0" statements="2" coveredstatements="0" elements="3" coveredelements="0"/>
        </class>
        <line num="28" type="method" name="__construct" visibility="public" complexity="1" crap="2" count="0"/>
        <line num="30" type="stmt" count="0"/>
        <line num="31" type="stmt" count="0"/>
        <metrics loc="32" ncloc="17" classes="1" methods="1" coveredmethods="0" conditionals="0" coveredconditionals="0" statements="2" coveredstatements="0" elements="3" coveredelements="0"/>
      </file>
      <file name="/Users/michaelhopkins/Projects/Web/forum/app/Http/Controllers/Auth/LoginController.php">
        <class name="LoginController" namespace="Forum\Http\Controllers\Auth">
          <metrics complexity="1" methods="1" coveredmethods="0" conditionals="0" coveredconditionals="0" statements="2" coveredstatements="0" elements="3" coveredelements="0"/>
        </class>
        <line num="35" type="method" name="__construct" visibility="public" complexity="1" crap="2" count="0"/>
        <line num="37" type="stmt" count="0"/>
        <line num="38" type="stmt" count="0"/>
        <metrics loc="39" ncloc="19" classes="1" methods="1" coveredmethods="0" conditionals="0" coveredconditionals="0" statements="2" coveredstatements="0" elements="3" coveredelements="0"/>
      </file>
      <file name="/Users/michaelhopkins/Projects/Web/forum/app/Http/Controllers/Auth/RegisterController.php">
        <class name="RegisterController" namespace="Forum\Http\Controllers\Auth">
          <metrics complexity="3" methods="3" coveredmethods="0" conditionals="0" coveredconditionals="0" statements="8" coveredstatements="0" elements="11" coveredelements="0"/>
        </class>
        <line num="37" type="method" name="__construct" visibility="public" complexity="1" crap="2" count="0"/>
        <line num="39" type="stmt" count="0"/>
        <line num="40" type="stmt" count="0"/>
        <line num="49" type="method" name="validator" visibility="protected" complexity="1" crap="2" count="0"/>
        <line num="51" type="stmt" count="0"/>
        <line num="52" type="stmt" count="0"/>
        <line num="65" type="method" name="create" visibility="protected" complexity="1" crap="2" count="0"/>
        <line num="67" type="stmt" count="0"/>
        <line num="68" type="stmt" count="0"/>
        <line num="69" type="stmt" count="0"/>
        <line num="70" type="stmt" count="0"/>
        <metrics loc="73" ncloc="39" classes="1" methods="3" coveredmethods="0" conditionals="0" coveredconditionals="0" statements="8" coveredstatements="0" elements="11" coveredelements="0"/>
      </file>
      <file name="/Users/michaelhopkins/Projects/Web/forum/app/Http/Controllers/Auth/ResetPasswordController.php">
        <class name="ResetPasswordController" namespace="Forum\Http\Controllers\Auth">
          <metrics complexity="1" methods="1" coveredmethods="0" conditionals="0" coveredconditionals="0" statements="2" coveredstatements="0" elements="3" coveredelements="0"/>
        </class>
        <line num="35" type="method" name="__construct" visibility="public" complexity="1" crap="2" count="0"/>
        <line num="37" type="stmt" count="0"/>
        <line num="38" type="stmt" count="0"/>
        <metrics loc="39" ncloc="19" classes="1" methods="1" coveredmethods="0" conditionals="0" coveredconditionals="0" statements="2" coveredstatements="0" elements="3" coveredelements="0"/>
      </file>
    </package>
    <package name="Forum\Http\Controllers">
      <file name="/Users/michaelhopkins/Projects/Web/forum/app/Http/Controllers/Controller.php">
        <class name="Controller" namespace="Forum\Http\Controllers">
          <metrics complexity="0" methods="0" coveredmethods="0" conditionals="0" coveredconditionals="0" statements="0" coveredstatements="0" elements="0" coveredelements="0"/>
        </class>
        <metrics loc="13" ncloc="13" classes="0" methods="0" coveredmethods="0" conditionals="0" coveredconditionals="0" statements="0" coveredstatements="0" elements="0" coveredelements="0"/>
      </file>
      <file name="/Users/michaelhopkins/Projects/Web/forum/app/Http/Controllers/FavoritesController.php">
        <class name="FavoritesController" namespace="Forum\Http\Controllers">
          <metrics complexity="2" methods="2" coveredmethods="2" conditionals="0" coveredconditionals="0" statements="4" coveredstatements="4" elements="6" coveredelements="6"/>
        </class>
        <line num="9" type="method" name="__construct" visibility="public" complexity="1" crap="1" count="3"/>
        <line num="11" type="stmt" count="3"/>
        <line num="12" type="stmt" count="3"/>
        <line num="14" type="method" name="store" visibility="public" complexity="1" crap="1" count="2"/>
        <line num="16" type="stmt" count="2"/>
        <line num="18" type="stmt" count="2"/>
        <metrics loc="20" ncloc="20" classes="1" methods="2" coveredmethods="2" conditionals="0" coveredconditionals="0" statements="4" coveredstatements="4" elements="6" coveredelements="6"/>
      </file>
      <file name="/Users/michaelhopkins/Projects/Web/forum/app/Http/Controllers/HomeController.php">
        <class name="HomeController" namespace="Forum\Http\Controllers">
          <metrics complexity="2" methods="2" coveredmethods="0" conditionals="0" coveredconditionals="0" statements="3" coveredstatements="0" elements="5" coveredelements="0"/>
        </class>
        <line num="12" type="method" name="__construct" visibility="public" complexity="1" crap="2" count="0"/>
        <line num="14" type="stmt" count="0"/>
        <line num="15" type="stmt" count="0"/>
        <line num="22" type="method" name="index" visibility="public" complexity="1" crap="2" count="0"/>
        <line num="24" type="stmt" count="0"/>
        <metrics loc="26" ncloc="16" classes="1" methods="2" coveredmethods="0" conditionals="0" coveredconditionals="0" statements="3" coveredstatements="0" elements="5" coveredelements="0"/>
      </file>
      <file name="/Users/michaelhopkins/Projects/Web/forum/app/Http/Controllers/ProfilesController.php">
        <class name="ProfilesController" namespace="Forum\Http\Controllers">
          <metrics complexity="1" methods="1" coveredmethods="1" conditionals="0" coveredconditionals="0" statements="3" coveredstatements="3" elements="4" coveredelements="4"/>
        </class>
        <line num="10" type="method" name="show" visibility="public" complexity="1" crap="1" count="2"/>
        <line num="12" type="stmt" count="2"/>
        <line num="13" type="stmt" count="2"/>
        <line num="14" type="stmt" count="2"/>
        <metrics loc="17" ncloc="17" classes="1" methods="1" coveredmethods="1" conditionals="0" coveredconditionals="0" statements="3" coveredstatements="3" elements="4" coveredelements="4"/>
      </file>
      <file name="/Users/michaelhopkins/Projects/Web/forum/app/Http/Controllers/RepliesController.php">
        <class name="RepliesController" namespace="Forum\Http\Controllers">
          <metrics complexity="5" methods="4" coveredmethods="3" conditionals="0" coveredconditionals="0" statements="17" coveredstatements="16" elements="21" coveredelements="19"/>
        </class>
        <line num="10" type="method" name="__construct" visibility="public" complexity="1" crap="1" count="8"/>
        <line num="12" type="stmt" count="8"/>
        <line num="13" type="stmt" count="8"/>
        <line num="15" type="method" name="store" visibility="public" complexity="1" crap="1" count="2"/>
        <line num="17" type="stmt" count="2"/>
        <line num="18" type="stmt" count="2"/>
        <line num="20" type="stmt" count="1"/>
        <line num="21" type="stmt" count="1"/>
        <line num="22" type="stmt" count="1"/>
        <line num="25" type="stmt" count="1"/>
        <line num="32" type="method" name="update" visibility="public" complexity="1" crap="1" count="2"/>
        <line num="34" type="stmt" count="2"/>
        <line num="35" type="stmt" count="1"/>
        <line num="36" type="stmt" count="1"/>
        <line num="37" type="stmt" count="1"/>
        <line num="44" type="method" name="destroy" visibility="public" complexity="2" crap="2.03" count="2"/>
        <line num="46" type="stmt" count="2"/>
        <line num="47" type="stmt" count="2"/>
        <line num="48" type="stmt" count="2"/>
        <line num="49" type="stmt" count="0"/>
        <line num="51" type="stmt" count="2"/>
        <metrics loc="53" ncloc="42" classes="1" methods="4" coveredmethods="3" conditionals="0" coveredconditionals="0" statements="17" coveredstatements="16" elements="21" coveredelements="19"/>
      </file>
      <file name="/Users/michaelhopkins/Projects/Web/forum/app/Http/Controllers/ThreadsController.php">
        <class name="ThreadsController" namespace="Forum\Http\Controllers">
          <metrics complexity="10" methods="7" coveredmethods="5" conditionals="0" coveredconditionals="0" statements="28" coveredstatements="26" elements="35" coveredelements="31"/>
        </class>
        <line num="13" type="method" name="__construct" visibility="public" complexity="1" crap="1" count="14"/>
        <line num="15" type="stmt" count="14"/>
        <line num="16" type="stmt" count="14"/>
        <line num="18" type="method" name="index" visibility="public" complexity="2" crap="2" count="5"/>
        <line num="20" type="stmt" count="5"/>
        <line num="21" type="stmt" count="5"/>
        <line num="22" type="stmt" count="2"/>
        <line num="24" type="stmt" count="3"/>
        <line num="27" type="method" name="create" visibility="public" complexity="1" crap="2" count="0"/>
        <line num="29" type="stmt" count="0"/>
        <line num="32" type="method" name="store" visibility="public" complexity="1" crap="1" count="4"/>
        <line num="34" type="stmt" count="4"/>
        <line num="35" type="stmt" count="4"/>
        <line num="39" type="stmt" count="1"/>
        <line num="40" type="stmt" count="1"/>
        <line num="41" type="stmt" count="1"/>
        <line num="42" type="stmt" count="1"/>
        <line num="43" type="stmt" count="1"/>
        <line num="45" type="stmt" count="1"/>
        <line num="46" type="stmt" count="1"/>
        <line num="49" type="method" name="show" visibility="public" complexity="1" crap="1" count="3"/>
        <line num="51" type="stmt" count="3"/>
        <line num="52" type="stmt" count="3"/>
        <line num="53" type="stmt" count="3"/>
        <line num="57" type="method" name="destroy" visibility="public" complexity="2" crap="2.03" count="2"/>
        <line num="59" type="stmt" count="2"/>
        <line num="60" type="stmt" count="1"/>
        <line num="61" type="stmt" count="1"/>
        <line num="62" type="stmt" count="1"/>
        <line num="64" type="stmt" count="0"/>
        <line num="67" type="method" name="getThreads" visibility="public" complexity="2" crap="2" count="5"/>
        <line num="69" type="stmt" count="5"/>
        <line num="70" type="stmt" count="5"/>
        <line num="71" type="stmt" count="1"/>
        <line num="73" type="stmt" count="5"/>
        <metrics loc="75" ncloc="75" classes="1" methods="7" coveredmethods="5" conditionals="0" coveredconditionals="0" statements="28" coveredstatements="26" elements="35" coveredelements="31"/>
      </file>
    </package>
    <package name="Forum\Http">
      <file name="/Users/michaelhopkins/Projects/Web/forum/app/Http/Kernel.php">
        <class name="Kernel" namespace="Forum\Http">
          <metrics complexity="0" methods="0" coveredmethods="0" conditionals="0" coveredconditionals="0" statements="0" coveredstatements="0" elements="0" coveredelements="0"/>
        </class>
        <metrics loc="60" ncloc="39" classes="0" methods="0" coveredmethods="0" conditionals="0" coveredconditionals="0" statements="0" coveredstatements="0" elements="0" coveredelements="0"/>
      </file>
    </package>
    <package name="Forum\Http\Middleware">
      <file name="/Users/michaelhopkins/Projects/Web/forum/app/Http/Middleware/EncryptCookies.php">
        <class name="EncryptCookies" namespace="Forum\Http\Middleware">
          <metrics complexity="0" methods="0" coveredmethods="0" conditionals="0" coveredconditionals="0" statements="0" coveredstatements="0" elements="0" coveredelements="0"/>
        </class>
        <metrics loc="16" ncloc="9" classes="0" methods="0" coveredmethods="0" conditionals="0" coveredconditionals="0" statements="0" coveredstatements="0" elements="0" coveredelements="0"/>
      </file>
      <file name="/Users/michaelhopkins/Projects/Web/forum/app/Http/Middleware/RedirectIfAuthenticated.php">
        <class name="RedirectIfAuthenticated" namespace="Forum\Http\Middleware">
          <metrics complexity="2" methods="1" coveredmethods="0" conditionals="0" coveredconditionals="0" statements="3" coveredstatements="0" elements="4" coveredelements="0"/>
        </class>
        <line num="19" type="method" name="handle" visibility="public" complexity="2" crap="6" count="0"/>
        <line num="21" type="stmt" count="0"/>
        <line num="22" type="stmt" count="0"/>
        <line num="25" type="stmt" count="0"/>
        <metrics loc="27" ncloc="18" classes="1" methods="1" coveredmethods="0" conditionals="0" coveredconditionals="0" statements="3" coveredstatements="0" elements="4" coveredelements="0"/>
      </file>
      <file name="/Users/michaelhopkins/Projects/Web/forum/app/Http/Middleware/TrimStrings.php">
        <class name="TrimStrings" namespace="Forum\Http\Middleware">
          <metrics complexity="0" methods="0" coveredmethods="0" conditionals="0" coveredconditionals="0" statements="0" coveredstatements="0" elements="0" coveredelements="0"/>
        </class>
        <metrics loc="18" ncloc="13" classes="0" methods="0" coveredmethods="0" conditionals="0" coveredconditionals="0" statements="0" coveredstatements="0" elements="0" coveredelements="0"/>
      </file>
      <file name="/Users/michaelhopkins/Projects/Web/forum/app/Http/Middleware/VerifyCsrfToken.php">
        <class name="VerifyCsrfToken" namespace="Forum\Http\Middleware">
          <metrics complexity="0" methods="0" coveredmethods="0" conditionals="0" coveredconditionals="0" statements="0" coveredstatements="0" elements="0" coveredelements="0"/>
        </class>
        <metrics loc="16" ncloc="9" classes="0" methods="0" coveredmethods="0" conditionals="0" coveredconditionals="0" statements="0" coveredstatements="0" elements="0" coveredelements="0"/>
      </file>
    </package>
    <package name="Forum\Policies">
      <file name="/Users/michaelhopkins/Projects/Web/forum/app/Policies/ReplyPolicy.php">
        <class name="ReplyPolicy" namespace="Forum\Policies">
          <metrics complexity="1" methods="1" coveredmethods="1" conditionals="0" coveredconditionals="0" statements="1" coveredstatements="1" elements="2" coveredelements="2"/>
        </class>
        <line num="16" type="method" name="update" visibility="public" complexity="1" crap="1" count="4"/>
        <line num="18" type="stmt" count="4"/>
        <metrics loc="19" ncloc="12" classes="1" methods="1" coveredmethods="1" conditionals="0" coveredconditionals="0" statements="1" coveredstatements="1" elements="2" coveredelements="2"/>
      </file>
      <file name="/Users/michaelhopkins/Projects/Web/forum/app/Policies/ThreadPolicy.php">
        <class name="ThreadPolicy" namespace="Forum\Policies">
          <metrics complexity="1" methods="1" coveredmethods="1" conditionals="0" coveredconditionals="0" statements="1" coveredstatements="1" elements="2" coveredelements="2"/>
        </class>
        <line num="20" type="method" name="update" visibility="public" complexity="1" crap="1" count="2"/>
        <line num="22" type="stmt" count="2"/>
        <metrics loc="47" ncloc="-6" classes="1" methods="1" coveredmethods="1" conditionals="0" coveredconditionals="0" statements="1" coveredstatements="1" elements="2" coveredelements="2"/>
      </file>
    </package>
    <package name="Forum\Providers">
      <file name="/Users/michaelhopkins/Projects/Web/forum/app/Providers/AppServiceProvider.php">
        <class name="AppServiceProvider" namespace="Forum\Providers">
          <metrics complexity="4" methods="2" coveredmethods="2" conditionals="0" coveredconditionals="0" statements="3" coveredstatements="3" elements="5" coveredelements="5"/>
        </class>
        <line num="23" type="method" name="anonymous function" complexity="1" crap="1" count="8"/>
        <line num="24" type="stmt" count="8"/>
        <line num="25" type="stmt" count="8"/>
        <line num="26" type="stmt" count="8"/>
        <line num="27" type="stmt" count="37"/>
        <line num="29" type="stmt" count="37"/>
        <line num="30" type="stmt" count="0"/>
        <line num="31" type="stmt" count="0"/>
        <line num="32" type="stmt" count="0"/>
        <line num="34" type="stmt" count="37"/>
        <line num="41" type="method" name="register" visibility="public" complexity="1" crap="1" count="37"/>
        <line num="43" type="stmt" count="37"/>
        <metrics loc="44" ncloc="34" classes="1" methods="2" coveredmethods="2" conditionals="0" coveredconditionals="0" statements="10" coveredstatements="7" elements="12" coveredelements="9"/>
      </file>
      <file name="/Users/michaelhopkins/Projects/Web/forum/app/Providers/AuthServiceProvider.php">
        <class name="AuthServiceProvider" namespace="Forum\Providers">
          <metrics complexity="4" methods="2" coveredmethods="2" conditionals="0" coveredconditionals="0" statements="3" coveredstatements="3" elements="5" coveredelements="5"/>
        </class>
        <line num="29" type="method" name="boot" visibility="public" complexity="2" crap="2" count="37"/>
        <line num="31" type="stmt" count="37"/>
        <line num="32" type="method" name="anonymous function" complexity="2" crap="2" count="37"/>
        <line num="33" type="stmt" count="7"/>
        <line num="34" type="stmt" count="37"/>
        <line num="35" type="stmt" count="37"/>
        <metrics loc="36" ncloc="26" classes="1" methods="2" coveredmethods="2" conditionals="0" coveredconditionals="0" statements="4" coveredstatements="4" elements="6" coveredelements="6"/>
      </file>
      <file name="/Users/michaelhopkins/Projects/Web/forum/app/Providers/BroadcastServiceProvider.php">
        <class name="BroadcastServiceProvider" namespace="Forum\Providers">
          <metrics complexity="1" methods="1" coveredmethods="0" conditionals="0" coveredconditionals="0" statements="3" coveredstatements="0" elements="4" coveredelements="0"/>
        </class>
        <line num="15" type="method" name="boot" visibility="public" complexity="1" crap="2" count="0"/>
        <line num="17" type="stmt" count="0"/>
        <line num="19" type="stmt" count="0"/>
        <line num="20" type="stmt" count="0"/>
        <metrics loc="21" ncloc="16" classes="1" methods="1" coveredmethods="0" conditionals="0" coveredconditionals="0" statements="3" coveredstatements="0" elements="4" coveredelements="0"/>
      </file>
      <file name="/Users/michaelhopkins/Projects/Web/forum/app/Providers/EventServiceProvider.php">
        <class name="EventServiceProvider" namespace="Forum\Providers">
          <metrics complexity="1" methods="1" coveredmethods="1" conditionals="0" coveredconditionals="0" statements="2" coveredstatements="2" elements="3" coveredelements="3"/>
        </class>
        <line num="25" type="method" name="boot" visibility="public" complexity="1" crap="1" count="37"/>
        <line num="27" type="stmt" count="37"/>
        <line num="30" type="stmt" count="37"/>
        <metrics loc="31" ncloc="19" classes="1" methods="1" coveredmethods="1" conditionals="0" coveredconditionals="0" statements="2" coveredstatements="2" elements="3" coveredelements="3"/>
      </file>
      <file name="/Users/michaelhopkins/Projects/Web/forum/app/Providers/RouteServiceProvider.php">
        <class name="RouteServiceProvider" namespace="Forum\Providers">
          <metrics complexity="4" methods="4" coveredmethods="4" conditionals="0" coveredconditionals="0" statements="9" coveredstatements="9" elements="13" coveredelements="13"/>
        </class>
        <line num="24" type="method" name="boot" visibility="public" complexity="1" crap="1" count="37"/>
        <line num="28" type="stmt" count="37"/>
        <line num="29" type="stmt" count="37"/>
        <line num="36" type="method" name="map" visibility="public" complexity="1" crap="1" count="37"/>
        <line num="38" type="stmt" count="37"/>
        <line num="40" type="stmt" count="37"/>
        <line num="43" type="stmt" count="37"/>
        <line num="52" type="method" name="mapApiRoutes" visibility="protected" complexity="1" crap="1" count="37"/>
        <line num="54" type="stmt" count="37"/>
        <line num="55" type="stmt" count="37"/>
        <line num="64" type="method" name="mapWebRoutes" visibility="protected" complexity="1" crap="1" count="37"/>
        <line num="66" type="stmt" count="37"/>
        <line num="67" type="stmt" count="37"/>
        <metrics loc="68" ncloc="33" classes="1" methods="4" coveredmethods="4" conditionals="0" coveredconditionals="0" statements="9" coveredstatements="9" elements="13" coveredelements="13"/>
      </file>
    </package>
    <package name="Forum\Traits">
      <file name="/Users/michaelhopkins/Projects/Web/forum/app/Traits/RecordsActivity.php">
        <class name="RecordsActivity" namespace="Forum\Traits">
          <metrics complexity="8" methods="6" coveredmethods="6" conditionals="0" coveredconditionals="0" statements="14" coveredstatements="14" elements="20" coveredelements="20"/>
        </class>
        <line num="11" type="method" name="bootRecordsActivity" visibility="protected" complexity="3" crap="3" count="33"/>
        <line num="13" type="stmt" count="33"/>
        <line num="15" type="stmt" count="17"/>
        <line num="17" type="stmt" count="13"/>
        <line num="18" type="stmt" count="17"/>
        <line num="21" type="method" name="anonymous function" complexity="1" crap="1" count="17"/>
        <line num="22" type="stmt" count="3"/>
        <line num="23" type="stmt" count="17"/>
        <line num="24" type="stmt" count="17"/>
        <line num="26" type="method" name="getActivitiesToRecord" visibility="protected" complexity="1" crap="1" count="17"/>
        <line num="28" type="stmt" count="17"/>
        <line num="31" type="method" name="recordActivity" visibility="protected" complexity="1" crap="1" count="13"/>
        <line num="32" type="stmt" count="13"/>
        <line num="33" type="stmt" count="13"/>
        <line num="34" type="stmt" count="13"/>
        <line num="36" type="stmt" count="13"/>
        <line num="38" type="method" name="activity" visibility="public" complexity="1" crap="1" count="13"/>
        <line num="40" type="stmt" count="13"/>
        <line num="49" type="method" name="getActivityType" visibility="protected" complexity="1" crap="1" count="13"/>
        <line num="50" type="stmt" count="13"/>
        <line num="51" type="stmt" count="13"/>
        <metrics loc="52" ncloc="46" classes="1" methods="6" coveredmethods="6" conditionals="0" coveredconditionals="0" statements="15" coveredstatements="15" elements="21" coveredelements="21"/>
      </file>
    </package>
    <metrics files="34" loc="1413" ncloc="889" classes="29" methods="80" coveredmethods="62" conditionals="0" coveredconditionals="0" statements="180" coveredstatements="146" elements="260" coveredelements="208"/>
  </project>
</coverage>
